<?xml version="1.0" encoding="UTF-8"?>
<!-- Generated by org.testng.reporters.JUnitReportReporter -->
<testsuite hostname="rubel" name="NoPackageTest" tests="1" failures="0" timestamp="13 Jan 2018 07:01:58 GMT" time="0.045" errors="0">
  <testcase name="test" time="0.045" classname="NoPackageTest"/>
</testsuite> <!-- NoPackageTest -->
