<?xml version="1.0" encoding="UTF-8"?>
<!-- Generated by org.testng.reporters.JUnitReportReporter -->
<testsuite hostname="L-156053666" name="mobileTest.TouchPressMoveTC_2" tests="1" failures="0" timestamp="17 Apr 2018 21:41:08 GMT" time="35.983" errors="0">
  <testcase name="TC1_001" time="35.983" classname="mobileTest.TouchPressMoveTC_2"/>
</testsuite> <!-- mobileTest.TouchPressMoveTC_2 -->
