<?xml version="1.0" encoding="UTF-8"?>
<!-- Generated by org.testng.reporters.JUnitReportReporter -->
<testsuite hostname="L-156053666" name="mobileTest.MobileStatusTC_4" tests="1" failures="0" timestamp="17 Apr 2018 22:01:12 GMT" time="27.646" errors="0">
  <testcase name="MobileStatus" time="27.646" classname="mobileTest.MobileStatusTC_4"/>
</testsuite> <!-- mobileTest.MobileStatusTC_4 -->
