<?xml version="1.0" encoding="UTF-8"?>
<!-- Generated by org.testng.reporters.JUnitReportReporter -->
<testsuite hostname="rubel" name="mobileTest.basic" tests="1" failures="0" timestamp="14 Jan 2018 21:53:07 GMT" time="87.675" errors="0">
  <testcase name="runtest" time="87.675" classname="mobileTest.basic"/>
</testsuite> <!-- mobileTest.basic -->
