<?xml version="1.0" encoding="UTF-8"?>
<!-- Generated by org.testng.reporters.JUnitReportReporter -->
<testsuite hostname="L-156053666" name="mobileTest.DrugAndDropTC_3" tests="1" failures="0" timestamp="17 Apr 2018 21:41:09 GMT" time="35.383" errors="0">
  <testcase name="TC001" time="35.383" classname="mobileTest.DrugAndDropTC_3"/>
</testsuite> <!-- mobileTest.DrugAndDropTC_3 -->
