<?xml version="1.0" encoding="UTF-8"?>
<!-- Generated by org.testng.reporters.JUnitReportReporter -->
<testsuite hostname="rubel" name="mobileTest.firstproject" tests="1" failures="0" timestamp="13 Jan 2018 15:48:04 GMT" time="44.479" errors="0">
  <testcase name="test" time="44.479" classname="mobileTest.firstproject"/>
</testsuite> <!-- mobileTest.firstproject -->
