<?xml version="1.0" encoding="UTF-8"?>
<!-- Generated by org.testng.reporters.JUnitReportReporter -->
<testsuite hostname="L-156053666" name="mobileTest.basicTC_1" tests="1" failures="0" timestamp="17 Apr 2018 21:41:09 GMT" time="29.969" errors="0">
  <testcase name="runtest" time="29.969" classname="mobileTest.basicTC_1"/>
</testsuite> <!-- mobileTest.basicTC_1 -->
