<?xml version="1.0" encoding="UTF-8"?>
<!-- Generated by org.testng.reporters.JUnitReportReporter -->
<testsuite hostname="L-156053666" name="mobileTest.basic" tests="1" failures="0" timestamp="17 Apr 2018 20:09:50 GMT" time="34.141" errors="0">
  <testcase name="runtest" time="34.141" classname="mobileTest.basic"/>
</testsuite> <!-- mobileTest.basic -->
