<?xml version="1.0" encoding="UTF-8"?>
<!-- Generated by org.testng.reporters.JUnitReportReporter -->
<testsuite hostname="L-156053666" name="mobileTest.DrugAndDrop" tests="1" failures="0" timestamp="17 Apr 2018 21:32:41 GMT" time="33.487" errors="0">
  <testcase name="TC001" time="33.487" classname="mobileTest.DrugAndDrop"/>
</testsuite> <!-- mobileTest.DrugAndDrop -->
